DEBUG:pygls.protocol:Added decorator for lsp method: bf_initialize
DEBUG:asyncio:Using selector: EpollSelector
INFO:pygls.feature_manager:Registered builtin feature exit
INFO:pygls.feature_manager:Registered builtin feature initialize
INFO:pygls.feature_manager:Registered builtin feature initialized
INFO:pygls.feature_manager:Registered builtin feature shutdown
INFO:pygls.feature_manager:Registered builtin feature textDocument/didChange
INFO:pygls.feature_manager:Registered builtin feature textDocument/didClose
INFO:pygls.feature_manager:Registered builtin feature textDocument/didOpen
INFO:pygls.feature_manager:Registered builtin feature workspace/didChangeWorkspaceFolders
INFO:pygls.feature_manager:Registered builtin feature workspace/executeCommand
INFO:pygls.feature_manager:Registered textDocument/completion with options {'trigger_characters': ['.']}
INFO:pygls.feature_manager:Registered textDocument/didChange with options {}
INFO:pygls.feature_manager:Registered textDocument/didSave with options {}
INFO:pygls.feature_manager:Registered textDocument/didOpen with options {}
INFO:pygls.server:Starting IO server
DEBUG:pygls.server:Content length: 2784
DEBUG:pygls.protocol:Received b'Content-Length: 2784\r\n\r\n{"jsonrpc":"2.0","id":0,"method":"initialize","params":{"processId":252444,"rootPath":"/home/pglandon/Projects/TD_log_Project/tests/fake_project_2","rootUri":"file:///home/pglandon/Projects/TD_log_Project/tests/fake_project_2","capabilities":{"workspace":{"applyEdit":true,"workspaceEdit":{"documentChanges":true,"resourceOperations":["create","rename","delete"],"failureHandling":"textOnlyTransactional"},"didChangeConfiguration":{"dynamicRegistration":true},"didChangeWatchedFiles":{"dynamicRegistration":true},"symbol":{"dynamicRegistration":true,"symbolKind":{"valueSet":[1,2,3,4,5,6,7,8,9,10,11,12,13,14,15,16,17,18,19,20,21,22,23,24,25,26]}},"executeCommand":{"dynamicRegistration":true},"configuration":true,"workspaceFolders":true},"textDocument":{"publishDiagnostics":{"relatedInformation":true},"synchronization":{"dynamicRegistration":true,"willSave":true,"willSaveWaitUntil":true,"didSave":true},"completion":{"dynamicRegistration":true,"contextSupport":true,"completionItem":{"snippetSupport":true,"commitCharactersSupport":true,"documentationFormat":["markdown","plaintext"],"deprecatedSupport":true,"preselectSupport":true},"completionItemKind":{"valueSet":[1,2,3,4,5,6,7,8,9,10,11,12,13,14,15,16,17,18,19,20,21,22,23,24,25]}},"hover":{"dynamicRegistration":true,"contentFormat":["markdown","plaintext"]},"signatureHelp":{"dynamicRegistration":true,"signatureInformation":{"documentationFormat":["markdown","plaintext"],"parameterInformation":{"labelOffsetSupport":true}}},"definition":{"dynamicRegistration":true,"linkSupport":true},"references":{"dynamicRegistration":true},"documentHighlight":{"dynamicRegistration":true},"documentSymbol":{"dynamicRegistration":true,"symbolKind":{"valueSet":[1,2,3,4,5,6,7,8,9,10,11,12,13,14,15,16,17,18,19,20,21,22,23,24,25,26]},"hierarchicalDocumentSymbolSupport":true},"codeAction":{"dynamicRegistration":true,"codeActionLiteralSupport":{"codeActionKind":{"valueSet":["","quickfix","refactor","refactor.extract","refactor.inline","refactor.rewrite","source","source.organizeImports"]}}},"codeLens":{"dynamicRegistration":true},"formatting":{"dynamicRegistration":true},"rangeFormatting":{"dynamicRegistration":true},"onTypeFormatting":{"dynamicRegistration":true},"rename":{"dynamicRegistration":true,"prepareSupport":true},"documentLink":{"dynamicRegistration":true},"typeDefinition":{"dynamicRegistration":true,"linkSupport":true},"implementation":{"dynamicRegistration":true,"linkSupport":true},"colorProvider":{"dynamicRegistration":true},"foldingRange":{"dynamicRegistration":true,"rangeLimit":5000,"lineFoldingOnly":true},"declaration":{"dynamicRegistration":true,"linkSupport":true}}},"trace":"off","workspaceFolders":[{"uri":"file:///home/pglandon/Projects/TD_log_Project/tests/fake_project_2","name":"fake_project_2"}]}}'
DEBUG:pygls.protocol:Request message received.
INFO:root:Workspace path is /home/pglandon/Projects/TD_log_Project/tests/fake_project_2
INFO:root:Workspace already registered, updating...
INFO:root:building module main from file.
INFO:root:building project fake_project_2
INFO:root:Ponthon Language Server initialized.
INFO:pygls.protocol:Language server initialized Object(processId=252444, rootPath='/home/pglandon/Projects/TD_log_Project/tests/fake_project_2', rootUri='file:///home/pglandon/Projects/TD_log_Project/tests/fake_project_2', capabilities=Object(workspace=Object(applyEdit=True, workspaceEdit=Object(documentChanges=True, resourceOperations=['create', 'rename', 'delete'], failureHandling='textOnlyTransactional'), didChangeConfiguration=Object(dynamicRegistration=True), didChangeWatchedFiles=Object(dynamicRegistration=True), symbol=Object(dynamicRegistration=True, symbolKind=Object(valueSet=[1, 2, 3, 4, 5, 6, 7, 8, 9, 10, 11, 12, 13, 14, 15, 16, 17, 18, 19, 20, 21, 22, 23, 24, 25, 26])), executeCommand=Object(dynamicRegistration=True), configuration=True, workspaceFolders=True), textDocument=Object(publishDiagnostics=Object(relatedInformation=True), synchronization=Object(dynamicRegistration=True, willSave=True, willSaveWaitUntil=True, didSave=True), completion=Object(dynamicRegistration=True, contextSupport=True, completionItem=Object(snippetSupport=True, commitCharactersSupport=True, documentationFormat=['markdown', 'plaintext'], deprecatedSupport=True, preselectSupport=True), completionItemKind=Object(valueSet=[1, 2, 3, 4, 5, 6, 7, 8, 9, 10, 11, 12, 13, 14, 15, 16, 17, 18, 19, 20, 21, 22, 23, 24, 25])), hover=Object(dynamicRegistration=True, contentFormat=['markdown', 'plaintext']), signatureHelp=Object(dynamicRegistration=True, signatureInformation=Object(documentationFormat=['markdown', 'plaintext'], parameterInformation=Object(labelOffsetSupport=True))), definition=Object(dynamicRegistration=True, linkSupport=True), references=Object(dynamicRegistration=True), documentHighlight=Object(dynamicRegistration=True), documentSymbol=Object(dynamicRegistration=True, symbolKind=Object(valueSet=[1, 2, 3, 4, 5, 6, 7, 8, 9, 10, 11, 12, 13, 14, 15, 16, 17, 18, 19, 20, 21, 22, 23, 24, 25, 26]), hierarchicalDocumentSymbolSupport=True), codeAction=Object(dynamicRegistration=True, codeActionLiteralSupport=Object(codeActionKind=Object(valueSet=['', 'quickfix', 'refactor', 'refactor.extract', 'refactor.inline', 'refactor.rewrite', 'source', 'source.organizeImports']))), codeLens=Object(dynamicRegistration=True), formatting=Object(dynamicRegistration=True), rangeFormatting=Object(dynamicRegistration=True), onTypeFormatting=Object(dynamicRegistration=True), rename=Object(dynamicRegistration=True, prepareSupport=True), documentLink=Object(dynamicRegistration=True), typeDefinition=Object(dynamicRegistration=True, linkSupport=True), implementation=Object(dynamicRegistration=True, linkSupport=True), colorProvider=Object(dynamicRegistration=True), foldingRange=Object(dynamicRegistration=True, rangeLimit=5000, lineFoldingOnly=True), declaration=Object(dynamicRegistration=True, linkSupport=True))), trace='off', workspaceFolders=[Object(uri='file:///home/pglandon/Projects/TD_log_Project/tests/fake_project_2', name='fake_project_2')])
DEBUG:pygls.protocol:Server capabilities: {'textDocumentSync': <TextDocumentSyncKind.INCREMENTAL: 2>, 'hoverProvider': False, 'completionProvider': <pygls.types.CompletionOptions object at 0x7fd3be0502e0>, 'definitionProvider': False, 'referencesProvider': False, 'documentHighlightProvider': False, 'documentSymbolProvider': False, 'workspaceSymbolProvider': False, 'codeActionProvider': False, 'documentFormattingProvider': False, 'documentRangeFormattingProvider': False, 'renameProvider': False, 'executeCommandProvider': <pygls.types.ExecuteCommandOptions object at 0x7fd3be050190>, 'workspace': {'workspaceFolders': {'supported': True, 'changeNotifications': True}}}
INFO:pygls.protocol:Sending data: {"id": 0, "jsonrpc": "2.0", "result": {"capabilities": {"textDocumentSync": 2, "hoverProvider": false, "completionProvider": {"resolveProvider": false, "triggerCharacters": ["."]}, "definitionProvider": false, "referencesProvider": false, "documentHighlightProvider": false, "documentSymbolProvider": false, "workspaceSymbolProvider": false, "codeActionProvider": false, "documentFormattingProvider": false, "documentRangeFormattingProvider": false, "renameProvider": false, "executeCommandProvider": {"commands": []}, "workspace": {"workspaceFolders": {"supported": true, "changeNotifications": true}}}}}
DEBUG:pygls.server:Content length: 52
DEBUG:pygls.protocol:Received b'Content-Length: 52\r\n\r\n{"jsonrpc":"2.0","method":"initialized","params":{}}'
DEBUG:pygls.protocol:Notification message received.
DEBUG:pygls.server:Content length: 324
DEBUG:pygls.protocol:Received b'Content-Length: 324\r\n\r\n{"jsonrpc":"2.0","method":"textDocument/didOpen","params":{"textDocument":{"uri":"file:///home/pglandon/Projects/TD_log_Project/tests/fake_project_2/main.py","languageId":"python","version":1,"text":"class Toto:\\n    pass\\n\\nclass Bar(Toto):\\n    pass\\n\\ndef foo():\\n    pass\\n\\nclass Foo(Bar):\\n    foo()\\n    Foo()\\n\\n"}}}'
DEBUG:pygls.protocol:Notification message received.
DEBUG:pygls.server:Content length: 299
DEBUG:pygls.protocol:Received b'Content-Length: 299\r\n\r\n{"jsonrpc":"2.0","method":"textDocument/didChange","params":{"textDocument":{"uri":"file:///home/pglandon/Projects/TD_log_Project/tests/fake_project_2/main.py","version":2},"contentChanges":[{"range":{"start":{"line":12,"character":0},"end":{"line":12,"character":0}},"rangeLength":0,"text":"\\n"}]}}'
DEBUG:pygls.protocol:Notification message received.
INFO:root:building module main from buffer.
DEBUG:pygls.server:Content length: 298
DEBUG:pygls.protocol:Received b'Content-Length: 298\r\n\r\n{"jsonrpc":"2.0","method":"textDocument/didChange","params":{"textDocument":{"uri":"file:///home/pglandon/Projects/TD_log_Project/tests/fake_project_2/main.py","version":3},"contentChanges":[{"range":{"start":{"line":13,"character":0},"end":{"line":13,"character":0}},"rangeLength":0,"text":"F"}]}}'
DEBUG:pygls.protocol:Notification message received.
INFO:root:building module main from buffer.
DEBUG:pygls.server:Content length: 235
DEBUG:pygls.protocol:Received b'Content-Length: 235\r\n\r\n{"jsonrpc":"2.0","id":1,"method":"textDocument/completion","params":{"textDocument":{"uri":"file:///home/pglandon/Projects/TD_log_Project/tests/fake_project_2/main.py"},"position":{"line":13,"character":1},"context":{"triggerKind":1}}}'
DEBUG:pygls.protocol:Request message received.
INFO:root:False
INFO:root:Tring to complete F in module main
INFO:root:Tring to complete F in module main
INFO:root:Tring to complete F in module main
INFO:pygls.protocol:Sending data: {"id": 1, "jsonrpc": "2.0", "result": {"isIncomplete": false, "items": [{"label": "False", "kind": 14, "detail": null, "documentation": null, "deprecated": false, "preselect": false, "sortText": null, "filterText": null, "insertText": null, "insertTextFormat": null, "textEdit": null, "additionalTextEdits": null, "commitCharacters": null, "command": null, "data": null}, {"label": "Foo", "kind": 6, "detail": null, "documentation": null, "deprecated": false, "preselect": false, "sortText": null, "filterText": null, "insertText": null, "insertTextFormat": null, "textEdit": null, "additionalTextEdits": null, "commitCharacters": null, "command": null, "data": null}, {"label": "Foo", "kind": 7, "detail": null, "documentation": null, "deprecated": false, "preselect": false, "sortText": null, "filterText": null, "insertText": "Foo()", "insertTextFormat": null, "textEdit": null, "additionalTextEdits": null, "commitCharacters": null, "command": null, "data": null}]}}
DEBUG:pygls.server:Content length: 297
DEBUG:pygls.protocol:Received b'Content-Length: 297\r\n\r\n{"jsonrpc":"2.0","method":"textDocument/didChange","params":{"textDocument":{"uri":"file:///home/pglandon/Projects/TD_log_Project/tests/fake_project_2/main.py","version":4},"contentChanges":[{"range":{"start":{"line":13,"character":0},"end":{"line":13,"character":1}},"rangeLength":1,"text":""}]}}'
DEBUG:pygls.protocol:Notification message received.
INFO:root:building module main from buffer.
DEBUG:pygls.server:Content length: 298
DEBUG:pygls.protocol:Received b'Content-Length: 298\r\n\r\n{"jsonrpc":"2.0","method":"textDocument/didChange","params":{"textDocument":{"uri":"file:///home/pglandon/Projects/TD_log_Project/tests/fake_project_2/main.py","version":5},"contentChanges":[{"range":{"start":{"line":13,"character":0},"end":{"line":13,"character":0}},"rangeLength":0,"text":"i"}]}}'
DEBUG:pygls.protocol:Notification message received.
INFO:root:building module main from buffer.
DEBUG:pygls.server:Content length: 235
DEBUG:pygls.protocol:Received b'Content-Length: 235\r\n\r\n{"jsonrpc":"2.0","id":2,"method":"textDocument/completion","params":{"textDocument":{"uri":"file:///home/pglandon/Projects/TD_log_Project/tests/fake_project_2/main.py"},"position":{"line":13,"character":1},"context":{"triggerKind":1}}}'
DEBUG:pygls.protocol:Request message received.
INFO:root:False
INFO:root:Tring to complete i in module main
INFO:root:Tring to complete i in module main
INFO:root:Tring to complete i in module main
INFO:pygls.protocol:Sending data: {"id": 2, "jsonrpc": "2.0", "result": {"isIncomplete": false, "items": [{"label": "await", "kind": 14, "detail": null, "documentation": null, "deprecated": false, "preselect": false, "sortText": null, "filterText": null, "insertText": null, "insertTextFormat": null, "textEdit": null, "additionalTextEdits": null, "commitCharacters": null, "command": null, "data": null}, {"label": "import", "kind": 14, "detail": null, "documentation": null, "deprecated": false, "preselect": false, "sortText": null, "filterText": null, "insertText": null, "insertTextFormat": null, "textEdit": null, "additionalTextEdits": null, "commitCharacters": null, "command": null, "data": null}, {"label": "in", "kind": 14, "detail": null, "documentation": null, "deprecated": false, "preselect": false, "sortText": null, "filterText": null, "insertText": null, "insertTextFormat": null, "textEdit": null, "additionalTextEdits": null, "commitCharacters": null, "command": null, "data": null}, {"label": "raise", "kind": 14, "detail": null, "documentation": null, "deprecated": false, "preselect": false, "sortText": null, "filterText": null, "insertText": null, "insertTextFormat": null, "textEdit": null, "additionalTextEdits": null, "commitCharacters": null, "command": null, "data": null}, {"label": "finally", "kind": 14, "detail": null, "documentation": null, "deprecated": false, "preselect": false, "sortText": null, "filterText": null, "insertText": null, "insertTextFormat": null, "textEdit": null, "additionalTextEdits": null, "commitCharacters": null, "command": null, "data": null}, {"label": "is", "kind": 14, "detail": null, "documentation": null, "deprecated": false, "preselect": false, "sortText": null, "filterText": null, "insertText": null, "insertTextFormat": null, "textEdit": null, "additionalTextEdits": null, "commitCharacters": null, "command": null, "data": null}, {"label": "continue", "kind": 14, "detail": null, "documentation": null, "deprecated": false, "preselect": false, "sortText": null, "filterText": null, "insertText": null, "insertTextFormat": null, "textEdit": null, "additionalTextEdits": null, "commitCharacters": null, "command": null, "data": null}, {"label": "while", "kind": 14, "detail": null, "documentation": null, "deprecated": false, "preselect": false, "sortText": null, "filterText": null, "insertText": null, "insertTextFormat": null, "textEdit": null, "additionalTextEdits": null, "commitCharacters": null, "command": null, "data": null}, {"label": "with", "kind": 14, "detail": null, "documentation": null, "deprecated": false, "preselect": false, "sortText": null, "filterText": null, "insertText": null, "insertTextFormat": null, "textEdit": null, "additionalTextEdits": null, "commitCharacters": null, "command": null, "data": null}, {"label": "elif", "kind": 14, "detail": null, "documentation": null, "deprecated": false, "preselect": false, "sortText": null, "filterText": null, "insertText": null, "insertTextFormat": null, "textEdit": null, "additionalTextEdits": null, "commitCharacters": null, "command": null, "data": null}, {"label": "if", "kind": 14, "detail": null, "documentation": null, "deprecated": false, "preselect": false, "sortText": null, "filterText": null, "insertText": null, "insertTextFormat": null, "textEdit": null, "additionalTextEdits": null, "commitCharacters": null, "command": null, "data": null}, {"label": "yield", "kind": 14, "detail": null, "documentation": null, "deprecated": false, "preselect": false, "sortText": null, "filterText": null, "insertText": null, "insertTextFormat": null, "textEdit": null, "additionalTextEdits": null, "commitCharacters": null, "command": null, "data": null}]}}
DEBUG:pygls.server:Content length: 297
DEBUG:pygls.protocol:Received b'Content-Length: 297\r\n\r\n{"jsonrpc":"2.0","method":"textDocument/didChange","params":{"textDocument":{"uri":"file:///home/pglandon/Projects/TD_log_Project/tests/fake_project_2/main.py","version":6},"contentChanges":[{"range":{"start":{"line":13,"character":0},"end":{"line":13,"character":1}},"rangeLength":1,"text":""}]}}'
DEBUG:pygls.protocol:Notification message received.
INFO:root:building module main from buffer.
DEBUG:pygls.server:Content length: 298
DEBUG:pygls.protocol:Received b'Content-Length: 298\r\n\r\n{"jsonrpc":"2.0","method":"textDocument/didChange","params":{"textDocument":{"uri":"file:///home/pglandon/Projects/TD_log_Project/tests/fake_project_2/main.py","version":7},"contentChanges":[{"range":{"start":{"line":14,"character":0},"end":{"line":14,"character":0}},"rangeLength":0,"text":"i"}]}}'
DEBUG:pygls.protocol:Notification message received.
INFO:root:building module main from buffer.
DEBUG:pygls.server:Content length: 235
DEBUG:pygls.protocol:Received b'Content-Length: 235\r\n\r\n{"jsonrpc":"2.0","id":3,"method":"textDocument/completion","params":{"textDocument":{"uri":"file:///home/pglandon/Projects/TD_log_Project/tests/fake_project_2/main.py"},"position":{"line":14,"character":1},"context":{"triggerKind":1}}}'
DEBUG:pygls.protocol:Request message received.
INFO:root:False
INFO:root:Tring to complete i in module main
INFO:root:Tring to complete i in module main
INFO:root:Tring to complete i in module main
INFO:pygls.protocol:Sending data: {"id": 3, "jsonrpc": "2.0", "result": {"isIncomplete": false, "items": [{"label": "await", "kind": 14, "detail": null, "documentation": null, "deprecated": false, "preselect": false, "sortText": null, "filterText": null, "insertText": null, "insertTextFormat": null, "textEdit": null, "additionalTextEdits": null, "commitCharacters": null, "command": null, "data": null}, {"label": "import", "kind": 14, "detail": null, "documentation": null, "deprecated": false, "preselect": false, "sortText": null, "filterText": null, "insertText": null, "insertTextFormat": null, "textEdit": null, "additionalTextEdits": null, "commitCharacters": null, "command": null, "data": null}, {"label": "in", "kind": 14, "detail": null, "documentation": null, "deprecated": false, "preselect": false, "sortText": null, "filterText": null, "insertText": null, "insertTextFormat": null, "textEdit": null, "additionalTextEdits": null, "commitCharacters": null, "command": null, "data": null}, {"label": "raise", "kind": 14, "detail": null, "documentation": null, "deprecated": false, "preselect": false, "sortText": null, "filterText": null, "insertText": null, "insertTextFormat": null, "textEdit": null, "additionalTextEdits": null, "commitCharacters": null, "command": null, "data": null}, {"label": "finally", "kind": 14, "detail": null, "documentation": null, "deprecated": false, "preselect": false, "sortText": null, "filterText": null, "insertText": null, "insertTextFormat": null, "textEdit": null, "additionalTextEdits": null, "commitCharacters": null, "command": null, "data": null}, {"label": "is", "kind": 14, "detail": null, "documentation": null, "deprecated": false, "preselect": false, "sortText": null, "filterText": null, "insertText": null, "insertTextFormat": null, "textEdit": null, "additionalTextEdits": null, "commitCharacters": null, "command": null, "data": null}, {"label": "continue", "kind": 14, "detail": null, "documentation": null, "deprecated": false, "preselect": false, "sortText": null, "filterText": null, "insertText": null, "insertTextFormat": null, "textEdit": null, "additionalTextEdits": null, "commitCharacters": null, "command": null, "data": null}, {"label": "while", "kind": 14, "detail": null, "documentation": null, "deprecated": false, "preselect": false, "sortText": null, "filterText": null, "insertText": null, "insertTextFormat": null, "textEdit": null, "additionalTextEdits": null, "commitCharacters": null, "command": null, "data": null}, {"label": "with", "kind": 14, "detail": null, "documentation": null, "deprecated": false, "preselect": false, "sortText": null, "filterText": null, "insertText": null, "insertTextFormat": null, "textEdit": null, "additionalTextEdits": null, "commitCharacters": null, "command": null, "data": null}, {"label": "elif", "kind": 14, "detail": null, "documentation": null, "deprecated": false, "preselect": false, "sortText": null, "filterText": null, "insertText": null, "insertTextFormat": null, "textEdit": null, "additionalTextEdits": null, "commitCharacters": null, "command": null, "data": null}, {"label": "if", "kind": 14, "detail": null, "documentation": null, "deprecated": false, "preselect": false, "sortText": null, "filterText": null, "insertText": null, "insertTextFormat": null, "textEdit": null, "additionalTextEdits": null, "commitCharacters": null, "command": null, "data": null}, {"label": "yield", "kind": 14, "detail": null, "documentation": null, "deprecated": false, "preselect": false, "sortText": null, "filterText": null, "insertText": null, "insertTextFormat": null, "textEdit": null, "additionalTextEdits": null, "commitCharacters": null, "command": null, "data": null}]}}
DEBUG:pygls.server:Content length: 298
DEBUG:pygls.protocol:Received b'Content-Length: 298\r\n\r\n{"jsonrpc":"2.0","method":"textDocument/didChange","params":{"textDocument":{"uri":"file:///home/pglandon/Projects/TD_log_Project/tests/fake_project_2/main.py","version":8},"contentChanges":[{"range":{"start":{"line":14,"character":1},"end":{"line":14,"character":1}},"rangeLength":0,"text":"m"}]}}'
DEBUG:pygls.protocol:Notification message received.
INFO:root:building module main from buffer.
DEBUG:pygls.server:Content length: 235
DEBUG:pygls.protocol:Received b'Content-Length: 235\r\n\r\n{"jsonrpc":"2.0","id":4,"method":"textDocument/completion","params":{"textDocument":{"uri":"file:///home/pglandon/Projects/TD_log_Project/tests/fake_project_2/main.py"},"position":{"line":14,"character":2},"context":{"triggerKind":1}}}'
DEBUG:pygls.protocol:Request message received.
INFO:root:False
INFO:root:Tring to complete im in module main
INFO:root:Tring to complete im in module main
INFO:root:Tring to complete im in module main
INFO:pygls.protocol:Sending data: {"id": 4, "jsonrpc": "2.0", "result": {"isIncomplete": false, "items": [{"label": "import", "kind": 14, "detail": null, "documentation": null, "deprecated": false, "preselect": false, "sortText": null, "filterText": null, "insertText": null, "insertTextFormat": null, "textEdit": null, "additionalTextEdits": null, "commitCharacters": null, "command": null, "data": null}]}}
DEBUG:pygls.server:Content length: 297
DEBUG:pygls.protocol:Received b'Content-Length: 297\r\n\r\n{"jsonrpc":"2.0","method":"textDocument/didChange","params":{"textDocument":{"uri":"file:///home/pglandon/Projects/TD_log_Project/tests/fake_project_2/main.py","version":9},"contentChanges":[{"range":{"start":{"line":14,"character":1},"end":{"line":14,"character":2}},"rangeLength":1,"text":""}]}}'
DEBUG:pygls.protocol:Notification message received.
INFO:root:building module main from buffer.
DEBUG:pygls.server:Content length: 235
DEBUG:pygls.protocol:Received b'Content-Length: 235\r\n\r\n{"jsonrpc":"2.0","id":5,"method":"textDocument/completion","params":{"textDocument":{"uri":"file:///home/pglandon/Projects/TD_log_Project/tests/fake_project_2/main.py"},"position":{"line":14,"character":1},"context":{"triggerKind":1}}}'
DEBUG:pygls.protocol:Request message received.
INFO:root:False
INFO:root:Tring to complete i in module main
INFO:root:Tring to complete i in module main
INFO:root:Tring to complete i in module main
INFO:pygls.protocol:Sending data: {"id": 5, "jsonrpc": "2.0", "result": {"isIncomplete": false, "items": [{"label": "await", "kind": 14, "detail": null, "documentation": null, "deprecated": false, "preselect": false, "sortText": null, "filterText": null, "insertText": null, "insertTextFormat": null, "textEdit": null, "additionalTextEdits": null, "commitCharacters": null, "command": null, "data": null}, {"label": "import", "kind": 14, "detail": null, "documentation": null, "deprecated": false, "preselect": false, "sortText": null, "filterText": null, "insertText": null, "insertTextFormat": null, "textEdit": null, "additionalTextEdits": null, "commitCharacters": null, "command": null, "data": null}, {"label": "in", "kind": 14, "detail": null, "documentation": null, "deprecated": false, "preselect": false, "sortText": null, "filterText": null, "insertText": null, "insertTextFormat": null, "textEdit": null, "additionalTextEdits": null, "commitCharacters": null, "command": null, "data": null}, {"label": "raise", "kind": 14, "detail": null, "documentation": null, "deprecated": false, "preselect": false, "sortText": null, "filterText": null, "insertText": null, "insertTextFormat": null, "textEdit": null, "additionalTextEdits": null, "commitCharacters": null, "command": null, "data": null}, {"label": "finally", "kind": 14, "detail": null, "documentation": null, "deprecated": false, "preselect": false, "sortText": null, "filterText": null, "insertText": null, "insertTextFormat": null, "textEdit": null, "additionalTextEdits": null, "commitCharacters": null, "command": null, "data": null}, {"label": "is", "kind": 14, "detail": null, "documentation": null, "deprecated": false, "preselect": false, "sortText": null, "filterText": null, "insertText": null, "insertTextFormat": null, "textEdit": null, "additionalTextEdits": null, "commitCharacters": null, "command": null, "data": null}, {"label": "continue", "kind": 14, "detail": null, "documentation": null, "deprecated": false, "preselect": false, "sortText": null, "filterText": null, "insertText": null, "insertTextFormat": null, "textEdit": null, "additionalTextEdits": null, "commitCharacters": null, "command": null, "data": null}, {"label": "while", "kind": 14, "detail": null, "documentation": null, "deprecated": false, "preselect": false, "sortText": null, "filterText": null, "insertText": null, "insertTextFormat": null, "textEdit": null, "additionalTextEdits": null, "commitCharacters": null, "command": null, "data": null}, {"label": "with", "kind": 14, "detail": null, "documentation": null, "deprecated": false, "preselect": false, "sortText": null, "filterText": null, "insertText": null, "insertTextFormat": null, "textEdit": null, "additionalTextEdits": null, "commitCharacters": null, "command": null, "data": null}, {"label": "elif", "kind": 14, "detail": null, "documentation": null, "deprecated": false, "preselect": false, "sortText": null, "filterText": null, "insertText": null, "insertTextFormat": null, "textEdit": null, "additionalTextEdits": null, "commitCharacters": null, "command": null, "data": null}, {"label": "if", "kind": 14, "detail": null, "documentation": null, "deprecated": false, "preselect": false, "sortText": null, "filterText": null, "insertText": null, "insertTextFormat": null, "textEdit": null, "additionalTextEdits": null, "commitCharacters": null, "command": null, "data": null}, {"label": "yield", "kind": 14, "detail": null, "documentation": null, "deprecated": false, "preselect": false, "sortText": null, "filterText": null, "insertText": null, "insertTextFormat": null, "textEdit": null, "additionalTextEdits": null, "commitCharacters": null, "command": null, "data": null}]}}
DEBUG:pygls.server:Content length: 298
DEBUG:pygls.protocol:Received b'Content-Length: 298\r\n\r\n{"jsonrpc":"2.0","method":"textDocument/didChange","params":{"textDocument":{"uri":"file:///home/pglandon/Projects/TD_log_Project/tests/fake_project_2/main.py","version":10},"contentChanges":[{"range":{"start":{"line":14,"character":0},"end":{"line":14,"character":1}},"rangeLength":1,"text":""}]}}'
DEBUG:pygls.protocol:Notification message received.
INFO:root:building module main from buffer.
DEBUG:pygls.server:Content length: 173
DEBUG:pygls.protocol:Received b'Content-Length: 173\r\n\r\n{"jsonrpc":"2.0","method":"textDocument/didSave","params":{"textDocument":{"uri":"file:///home/pglandon/Projects/TD_log_Project/tests/fake_project_2/main.py","version":10}}}'
DEBUG:pygls.protocol:Notification message received.
DEBUG:pygls.server:Content length: 481
DEBUG:pygls.protocol:Received b'Content-Length: 481\r\n\r\n{"jsonrpc":"2.0","method":"textDocument/didOpen","params":{"textDocument":{"uri":"file:///home/pglandon/Projects/TD_log_Project/tests/fake_project/a_file.py","languageId":"python","version":1,"text":"def print_hello_world():\\n    print(\\"Hello, World!\\")\\n    print(\\"Yeeesaie\\")\\n\\nif __name__ == \\"__main__\\":\\n    print_hello_world()\\n    java = \\"Bonjour, monsieur.\\"\\n    test = \\"toto\\"\\n    x = 15\\n\\n    machin = 25\\n\\n    machin2 = 28\\n    machin3 = 85\\n\\n    \\n\\n    "}}}'
DEBUG:pygls.protocol:Notification message received.
INFO:root:a_file.py doesn't belong to project tree.
